<?xml version="1.0" encoding="UTF-8"?>
<!-- Generated by org.testng.reporters.JUnitReportReporter -->
<testsuite hostname="LAPTOP-S6Q2T66A" failures="0" tests="1" name="com.crm.Actitime.testscripts.CreateCustomer" time="29.839" errors="0" timestamp="2023-01-19T20:26:02 IST" skipped="0">
  <testcase classname="com.crm.Actitime.testscripts.CreateCustomer" name="createCustomer" time="29.839"/>
  <system-out/>
</testsuite> <!-- com.crm.Actitime.testscripts.CreateCustomer -->
